<?xml version="1.0" encoding="UTF-8"?>
<testng-results ignored="0" total="2" passed="2" failed="0" skipped="0">
  <reporter-output>
  </reporter-output>
  <suite started-at="2021-06-21T16:39:19 CDT" name="Suite" finished-at="2021-06-21T16:41:34 CDT" duration-ms="135133">
    <groups>
    </groups>
    <test started-at="2021-06-21T16:39:19 CDT" name="Test" finished-at="2021-06-21T16:41:34 CDT" duration-ms="135133">
      <class name="progressiveInsuranceTest.ProgressiveInsuranceAutoQuote">
        <test-method is-config="true" signature="setUpTest()[pri:0, instance:progressiveInsuranceTest.ProgressiveInsuranceAutoQuote@6dbb137d]" started-at="2021-06-21T16:39:22 CDT" name="setUpTest" finished-at="2021-06-21T16:39:25 CDT" duration-ms="2631" status="PASS">
          <reporter-output>
          </reporter-output>
        </test-method> <!-- setUpTest -->
        <test-method signature="startAutoInsurance()[pri:0, instance:progressiveInsuranceTest.ProgressiveInsuranceAutoQuote@6dbb137d]" started-at="2021-06-21T16:39:25 CDT" name="startAutoInsurance" finished-at="2021-06-21T16:41:33 CDT" duration-ms="127573" status="PASS">
          <reporter-output>
          </reporter-output>
        </test-method> <!-- startAutoInsurance -->
        <test-method is-config="true" signature="tearDownMethod(org.testng.ITestResult)[pri:0, instance:progressiveInsuranceTest.ProgressiveInsuranceAutoQuote@6dbb137d]" started-at="2021-06-21T16:41:33 CDT" name="tearDownMethod" finished-at="2021-06-21T16:41:33 CDT" duration-ms="143" status="PASS">
          <params>
            <param index="0">
              <value>
                <![CDATA[[TestResult name=startAutoInsurance status=SUCCESS method=ProgressiveInsuranceAutoQuote.startAutoInsurance()[pri:0, instance:progressiveInsuranceTest.ProgressiveInsuranceAutoQuote@6dbb137d] output={null}]]]>
              </value>
            </param>
          </params>
          <reporter-output>
          </reporter-output>
        </test-method> <!-- tearDownMethod -->
        <test-method is-config="true" signature="afterTest()[pri:0, instance:progressiveInsuranceTest.ProgressiveInsuranceAutoQuote@6dbb137d]" started-at="2021-06-21T16:41:33 CDT" name="afterTest" finished-at="2021-06-21T16:41:34 CDT" duration-ms="959" status="PASS">
          <reporter-output>
          </reporter-output>
        </test-method> <!-- afterTest -->
      </class> <!-- progressiveInsuranceTest.ProgressiveInsuranceAutoQuote -->
      <class name="GoogleTest.GoogleSearchTest">
        <test-method is-config="true" signature="googlePageSetUp()[pri:0, instance:GoogleTest.GoogleSearchTest@56de5251]" started-at="2021-06-21T16:39:19 CDT" name="googlePageSetUp" finished-at="2021-06-21T16:39:22 CDT" duration-ms="3486" status="PASS">
          <reporter-output>
          </reporter-output>
        </test-method> <!-- googlePageSetUp -->
        <test-method signature="googleSearchBarTest()[pri:0, instance:GoogleTest.GoogleSearchTest@56de5251]" started-at="2021-06-21T16:39:25 CDT" name="googleSearchBarTest" finished-at="2021-06-21T16:39:30 CDT" duration-ms="5243" status="PASS">
          <reporter-output>
          </reporter-output>
        </test-method> <!-- googleSearchBarTest -->
        <test-method is-config="true" signature="closeBrowser()[pri:0, instance:GoogleTest.GoogleSearchTest@56de5251]" started-at="2021-06-21T16:41:33 CDT" name="closeBrowser" finished-at="2021-06-21T16:41:33 CDT" duration-ms="236" status="PASS">
          <reporter-output>
          </reporter-output>
        </test-method> <!-- closeBrowser -->
      </class> <!-- GoogleTest.GoogleSearchTest -->
    </test> <!-- Test -->
  </suite> <!-- Suite -->
</testng-results>
