<?xml version="1.0" encoding="UTF-8"?>
<testng-results ignored="0" total="1" passed="1" failed="0" skipped="0">
  <reporter-output>
  </reporter-output>
  <suite started-at="2021-06-22T19:52:04 CDT" name="Default suite" finished-at="2021-06-22T19:52:15 CDT" duration-ms="11518">
    <groups>
    </groups>
    <test started-at="2021-06-22T19:52:04 CDT" name="Default test" finished-at="2021-06-22T19:52:15 CDT" duration-ms="11518">
      <class name="GoogleTest.GoogleSearchTest">
        <test-method is-config="true" signature="googlePageSetUp()[pri:0, instance:GoogleTest.GoogleSearchTest@61dd025]" started-at="2021-06-22T19:52:04 CDT" name="googlePageSetUp" finished-at="2021-06-22T19:52:09 CDT" duration-ms="5630" status="PASS">
          <reporter-output>
          </reporter-output>
        </test-method> <!-- googlePageSetUp -->
        <test-method signature="googleSearchBarTest()[pri:0, instance:GoogleTest.GoogleSearchTest@61dd025]" started-at="2021-06-22T19:52:09 CDT" name="googleSearchBarTest" finished-at="2021-06-22T19:52:15 CDT" duration-ms="5559" status="PASS">
          <reporter-output>
          </reporter-output>
        </test-method> <!-- googleSearchBarTest -->
        <test-method is-config="true" signature="closeBrowser()[pri:0, instance:GoogleTest.GoogleSearchTest@61dd025]" started-at="2021-06-22T19:52:15 CDT" name="closeBrowser" finished-at="2021-06-22T19:52:15 CDT" duration-ms="254" status="PASS">
          <reporter-output>
          </reporter-output>
        </test-method> <!-- closeBrowser -->
      </class> <!-- GoogleTest.GoogleSearchTest -->
    </test> <!-- Default test -->
  </suite> <!-- Default suite -->
</testng-results>
