<?xml version="1.0" encoding="UTF-8"?>
<!-- Generated by org.testng.reporters.JUnitXMLReporter -->
<testsuite ignored="0" hostname="Manishas-MacBook-Air.local" failures="0" tests="2" name="Test" time="135.133" errors="0" timestamp="2021-06-21T16:41:39 CDT">
  <testcase classname="GoogleTest.GoogleSearchTest" name="googleSearchBarTest" time="5.243"/>
  <testcase classname="progressiveInsuranceTest.ProgressiveInsuranceAutoQuote" name="startAutoInsurance" time="127.573"/>
</testsuite> <!-- Test -->
